<?xml version="1.0" encoding="UTF-8"?>
<!-- Generated by org.testng.reporters.JUnitReportReporter -->
<testsuite hostname="GSHYD-Q4DH444749" failures="0" tests="3" name="tests.LoginTests" time="93.447" errors="0" timestamp="2025-04-10T17:55:05 IST" skipped="0">
  <testcase classname="tests.LoginTests" name="performLogin" time="12.326"/>
  <system-out/>
  <testcase classname="tests.LoginTests" name="performLogin" time="43.800"/>
  <system-out/>
  <testcase classname="tests.LoginTests" name="performLogin" time="37.321"/>
  <system-out/>
</testsuite> <!-- tests.LoginTests -->
