<?xml version="1.0" encoding="UTF-8"?>
<!-- Generated by org.testng.reporters.JUnitReportReporter -->
<testsuite hostname="GSHYD-Q4DH444749" failures="0" tests="1" name="tests.SearchAndFilter" time="21.122" errors="0" timestamp="2025-04-10T23:46:27 IST" skipped="0">
  <testcase classname="tests.SearchAndFilter" name="validateSearchSuggestions" time="21.122"/>
  <system-out/>
</testsuite> <!-- tests.SearchAndFilter -->
