<?xml version="1.0" encoding="UTF-8"?>
<!-- Generated by org.testng.reporters.JUnitReportReporter -->
<testsuite hostname="GSHYD-Q4DH444749" failures="0" tests="1" name="tests.SearchAndFilter" time="15.906" errors="0" timestamp="2025-03-30T04:16:53 IST" skipped="0">
  <testcase classname="tests.SearchAndFilter" name="validatePriceSorting" time="15.906"/>
  <system-out/>
</testsuite> <!-- tests.SearchAndFilter -->
