<?xml version="1.0" encoding="UTF-8"?>
<!-- Generated by org.testng.reporters.JUnitReportReporter -->
<testsuite hostname="GSHYD-Q4DH444749" failures="0" tests="3" name="tests.LoginTests" time="60.112" errors="0" timestamp="2025-04-18T22:55:30 IST" skipped="0">
  <testcase classname="tests.LoginTests" name="performLogin" time="7.350"/>
  <system-out/>
  <testcase classname="tests.LoginTests" name="performLogin" time="32.693"/>
  <system-out/>
  <testcase classname="tests.LoginTests" name="performLogin" time="20.069"/>
  <system-out/>
</testsuite> <!-- tests.LoginTests -->
