<?xml version="1.0" encoding="UTF-8"?>
<!-- Generated by org.testng.reporters.JUnitReportReporter -->
<testsuite hostname="GSHYD-Q4DH444749" failures="0" tests="3" name="tests.LoginTests" time="51.521" errors="0" timestamp="2025-03-29T00:47:37 IST" skipped="0">
  <testcase classname="tests.LoginTests" name="performLogin" time="5.083"/>
  <system-out/>
  <testcase classname="tests.LoginTests" name="performLogin" time="29.087"/>
  <system-out/>
  <testcase classname="tests.LoginTests" name="performLogin" time="17.351"/>
  <system-out/>
</testsuite> <!-- tests.LoginTests -->
