<?xml version="1.0" encoding="UTF-8"?>
<!-- Generated by org.testng.reporters.JUnitReportReporter -->
<testsuite hostname="GSHYD-Q4DH444749" failures="0" tests="2" name="tests.Pagination" time="98.655" errors="0" timestamp="2025-04-10T17:39:32 IST" skipped="0">
  <testcase classname="tests.Pagination" name="validatePagination" time="23.068"/>
  <system-out/>
  <testcase classname="tests.Pagination" name="validatePaginationContainer" time="75.587"/>
  <system-out/>
</testsuite> <!-- tests.Pagination -->
