<?xml version="1.0" encoding="UTF-8"?>
<!-- Generated by org.testng.reporters.JUnitReportReporter -->
<testsuite hostname="GSHYD-Q4DH444749" failures="0" tests="3" name="tests.LoginTests" time="54.366" errors="0" timestamp="2025-03-29T03:03:36 IST" skipped="0">
  <testcase classname="tests.LoginTests" name="performLogin" time="29.682"/>
  <system-out/>
  <testcase classname="tests.LoginTests" name="performLogin" time="6.719"/>
  <system-out/>
  <testcase classname="tests.LoginTests" name="performLogin" time="17.965"/>
  <system-out/>
</testsuite> <!-- tests.LoginTests -->
